FUNCTION add

BASIC BLOCK entry
%1:	br	 while.cond

BASIC BLOCK while.cond
%2:	phi	 a %6
%3:	phi	 XXX %7
%4:	icmp	 %3 b
%5:	br	 %4 while.end while.body

BASIC BLOCK while.body
%6:	add	 %2 XXX
%7:	add	 %3 XXX
%8:	br	 while.cond

BASIC BLOCK while.end
%9:	ret	 %2

FUNCTION main

BASIC BLOCK entry
%10:	br	 for.cond

BASIC BLOCK for.cond
%11:	phi	 XXX %16
%12:	phi	 XXX %27
%13:	icmp	 %12 argc
%14:	br	 %13 for.end7 for.body

BASIC BLOCK for.body
%15:	br	 for.cond1

BASIC BLOCK for.cond1
%16:	phi	 %11 %20
%17:	phi	 XXX %22
%18:	icmp	 %17 %12
%19:	br	 %18 for.end for.body3

BASIC BLOCK for.body3
%20:	call	 %16 XXX add
%21:	br	 for.inc

BASIC BLOCK for.inc
%22:	add	 %17 XXX
%23:	br	 for.cond1

BASIC BLOCK for.end
%24:	add	 argc argc
%25:	add	 %24 XXX
%26:	br	 for.inc5

BASIC BLOCK for.inc5
%27:	add	 %12 XXX
%28:	br	 for.cond

BASIC BLOCK for.end7
%29:	br	 while.cond

BASIC BLOCK while.cond
%30:	phi	 %12 %33
%31:	icmp	 %30 XXX
%32:	br	 %31 while.end while.body

BASIC BLOCK while.body
%33:	add	 %30 XXX
%34:	br	 while.cond

BASIC BLOCK while.end
%35:	call	 XXX %11 argc printf
%36:	ret	 XXX

