FUNCTION main

BASIC BLOCK entry
%1:	icmp	 XXX XXX
%2:	br	 %1 if.else if.then

BASIC BLOCK if.then
%3:	add	 XXX XXX
%4:	br	 if.end

BASIC BLOCK if.else
%5:	add	 XXX XXX
%6:	br	 if.end

BASIC BLOCK if.end
%7:	phi	 %3 XXX
%8:	phi	 XXX %5
%9:	add	 XXX XXX
%10:	br	 while.cond

BASIC BLOCK while.cond
%11:	phi	 %7 %17
%12:	phi	 %9 %14
%13:	phi	 %8 %19
%14:	add	 %12 XXX
%15:	icmp	 %12 XXX
%16:	br	 %15 while.end9 while.body

BASIC BLOCK while.body
%17:	add	 %11 XXX
%18:	br	 while.cond5

BASIC BLOCK while.cond5
%19:	phi	 %13 %22
%20:	icmp	 %17 XXX
%21:	br	 %20 while.end while.body7

BASIC BLOCK while.body7
%22:	add	 %19 XXX
%23:	br	 while.cond5

BASIC BLOCK while.end
%24:	br	 while.cond

BASIC BLOCK while.end9
%25:	br	 while.cond10

BASIC BLOCK while.cond10
%26:	phi	 %11 %30 %34
%27:	phi	 %13 %27 XXX
%28:	icmp	 %26 XXX
%29:	br	 %28 while.end19 while.body12

BASIC BLOCK while.body12
%30:	add	 %26 XXX
%31:	icmp	 %30 XXX
%32:	br	 %31 if.else16 if.then15

BASIC BLOCK if.then15
%33:	br	 while.cond10

BASIC BLOCK if.else16
%34:	add	 %30 XXX
%35:	br	 if.end18

BASIC BLOCK if.end18
%36:	br	 while.cond10

BASIC BLOCK while.end19
%37:	add	 %27 XXX
%38:	ret	 XXX

FUNCTION func

BASIC BLOCK entry
%39:	icmp	 para XXX
%40:	br	 %39 if.else if.then

BASIC BLOCK if.then
%41:	br	 if.end

BASIC BLOCK if.else
%42:	br	 if.end

BASIC BLOCK if.end
%43:	phi	 XXX XXX
%44:	ret	 %43

FUNCTION loopInv

BASIC BLOCK entry
%45:	br	 while.cond

BASIC BLOCK while.cond
%46:	icmp	 XXX XXX
%47:	br	 %46 while.end while.body

BASIC BLOCK while.body
%48:	br	 while.cond

BASIC BLOCK while.end
%49:	ret	

