FUNCTION main

BASIC BLOCK entry
%1:	alloca	 XXX
%2:	alloca	 XXX
%3:	alloca	 XXX
%4:	call	 XXX %1 __isoc99_scanf
%5:	br	 H

BASIC BLOCK H
%6:	load	 %1
%7:	load	 %3
%8:	icmp	 %6 %7
%9:	br	 %8 if.end if.then

BASIC BLOCK if.then
%10:	br	 DONE

BASIC BLOCK if.end
%11:	call	 XXX %2 __isoc99_scanf
%12:	load	 %2
%13:	icmp	 %12 XXX
%14:	br	 %13 if.else7 if.then3

BASIC BLOCK if.then3
%15:	call	 XXX %3 __isoc99_scanf
%16:	load	 %3
%17:	icmp	 %16 XXX
%18:	br	 %17 if.else if.then6

BASIC BLOCK if.then6
%19:	br	 H

BASIC BLOCK if.else
%20:	br	 T

BASIC BLOCK if.else7
%21:	call	 XXX %3 __isoc99_scanf
%22:	load	 %3
%23:	icmp	 %22 XXX
%24:	br	 %23 if.else11 if.then10

BASIC BLOCK if.then10
%25:	br	 H

BASIC BLOCK if.else11
%26:	br	 T

BASIC BLOCK T
%27:	call	 XXX XXX printf
%28:	br	 H

BASIC BLOCK DONE
%29:	call	 XXX printf
%30:	ret	 XXX

