FUNCTION main

BASIC BLOCK entry
%1:	alloca	 XXX
%2:	call	 XXX %1 __isoc99_scanf
%3:	load	 %1
%4:	load	 %1
%5:	icmp	 %4 XXX
%6:	br	 %5 if.else if.then

BASIC BLOCK if.then
%7:	load	 %1
%8:	mul	 %7 XXX
%9:	br	 L1

BASIC BLOCK if.else
%10:	load	 %1
%11:	mul	 %10 XXX
%12:	br	 L1

BASIC BLOCK L1
%13:	phi	 %8 %19 %11
%14:	load	 %1
%15:	icmp	 %14 %13
%16:	br	 %15 if.end if.then3

BASIC BLOCK if.then3
%17:	br	 L2

BASIC BLOCK if.end
%18:	mul	 %3 XXX
%19:	add	 %13 XXX
%20:	br	 L1

BASIC BLOCK L2
%21:	ret	 %13

