
BASIC BLOCK entry
%5:	ret	
%4:	sdiv	 %3 XXX
%3:	load	 %1
%2:	call	 XXX %1 __isoc99_scanf
%1:	alloca	 XXX
FUNCTION foo

BASIC BLOCK entry  L-Before: { }  L-After: { }
%1:   L-Before: { }	L-After: { %1 }
%2:   L-Before: { %1 }	L-After: { %1 }
%3:   L-Before: { %1 }	L-After: { %3 }
%4:   L-Before: { %3 }	L-After: { }
%5:   L-Before: { }	L-After: { }

removing useless assignment %4

BASIC BLOCK entry
%17:	ret	 XXX
%16:	call	 XXX %15 printf
%15:	mul	 %14 XXX
%14:	load	 %6
%13:	call	 %12 foo
%12:	load	 %6
%11:	add	 %10 XXX
%10:	load	 %6
%9:	mul	 %8 XXX
%8:	load	 %6
%7:	call	 XXX %6 __isoc99_scanf
%6:	alloca	 XXX
FUNCTION main

BASIC BLOCK entry  L-Before: { }  L-After: { }
%6:   L-Before: { }	L-After: { %6 }
%7:   L-Before: { %6 }	L-After: { %6 }
%8:   L-Before: { %6 }	L-After: { %6 %8 }
%9:   L-Before: { %6 %8 }	L-After: { %6 }
%10:   L-Before: { %6 }	L-After: { %6 %10 }
%11:   L-Before: { %6 %10 }	L-After: { %6 }
%12:   L-Before: { %6 }	L-After: { %6 %12 }
%13:   L-Before: { %6 %12 }	L-After: { %6 }
%14:   L-Before: { %6 }	L-After: { %14 }
%15:   L-Before: { %14 }	L-After: { %15 }
%16:   L-Before: { %15 }	L-After: { }
%17:   L-Before: { }	L-After: { }

removing useless assignment %11
removing useless assignment %9
